This is pdfTeX, Version 3.1415926-2.5-1.40.14 (MiKTeX 2.9) (preloaded format=pdflatex 2014.2.28)  31 MAR 2014 16:54
entering extended mode
**C:/Users/Jake/Documents/GitHub/ProjectReport/main.tex
(C:/Users/Jake/Documents/GitHub/ProjectReport/main.tex
LaTeX2e <2011/06/27>
Babel <v3.8m> and hyphenation patterns for english, afrikaans, ancientgreek, ar
abic, armenian, assamese, basque, bengali, bokmal, bulgarian, catalan, coptic, 
croatian, czech, danish, dutch, esperanto, estonian, farsi, finnish, french, ga
lician, german, german-x-2013-05-26, greek, gujarati, hindi, hungarian, iceland
ic, indonesian, interlingua, irish, italian, kannada, kurmanji, latin, latvian,
 lithuanian, malayalam, marathi, mongolian, mongolianlmc, monogreek, ngerman, n
german-x-2013-05-26, nynorsk, oriya, panjabi, pinyin, polish, portuguese, roman
ian, russian, sanskrit, serbian, slovak, slovenian, spanish, swedish, swissgerm
an, tamil, telugu, turkish, turkmen, ukenglish, ukrainian, uppersorbian, usengl
ishmax, welsh, loaded.
("C:\Program Files (x86)\MiKTeX 2.9\tex\latex\base\article.cls"
Document Class: article 2007/10/19 v1.4h Standard LaTeX document class
("C:\Program Files (x86)\MiKTeX 2.9\tex\latex\base\size10.clo"
File: size10.clo 2007/10/19 v1.4h Standard LaTeX file (size option)
)
\c@part=\count79
\c@section=\count80
\c@subsection=\count81
\c@subsubsection=\count82
\c@paragraph=\count83
\c@subparagraph=\count84
\c@figure=\count85
\c@table=\count86
\abovecaptionskip=\skip41
\belowcaptionskip=\skip42
\bibindent=\dimen102
)
("C:\Program Files (x86)\MiKTeX 2.9\tex\latex\lastpage\lastpage.sty"
Package: lastpage 2013/01/28 v1.2l Refers to last page's name (HMM; JPG)
)
("C:\Program Files (x86)\MiKTeX 2.9\tex\latex\titlesec\titlesec.sty"
Package: titlesec 2011/12/15 v2.10.0 Sectioning titles
\ttl@box=\box26
\beforetitleunit=\skip43
\aftertitleunit=\skip44
\ttl@plus=\dimen103
\ttl@minus=\dimen104
\ttl@toksa=\toks14
\titlewidth=\dimen105
\titlewidthlast=\dimen106
\titlewidthfirst=\dimen107
)
("C:\Program Files (x86)\MiKTeX 2.9\tex\latex\lipsum\lipsum.sty"
Package: lipsum 2011/04/14 v1.2 150 paragraphs of Lorem Ipsum dummy text
\c@lips@count=\count87
)
("C:\Program Files (x86)\MiKTeX 2.9\tex\latex\biblatex\biblatex.sty"
Package: biblatex 2013/11/25 v2.8a programmable bibliographies (PK/JW/AB)

("C:\Program Files (x86)\MiKTeX 2.9\tex\latex\biblatex\biblatex1.sty"
Package: biblatex1 2013/11/25 v2.8a programmable bibliographies (bibtex) (PK/JW
/AB)

("C:\Program Files (x86)\MiKTeX 2.9\tex\latex\etoolbox\etoolbox.sty"
Package: etoolbox 2011/01/03 v2.1 e-TeX tools for LaTeX

("C:\Program Files (x86)\MiKTeX 2.9\tex\latex\misc\etex.sty"
Package: etex 1998/03/26 v2.0 eTeX basic definition package (PEB)
\et@xins=\count88
)
\etb@tempcnta=\count89
)
("C:\Program Files (x86)\MiKTeX 2.9\tex\latex\graphics\keyval.sty"
Package: keyval 1999/03/16 v1.13 key=value parser (DPC)
\KV@toks@=\toks15
)
("C:\Program Files (x86)\MiKTeX 2.9\tex\latex\logreq\logreq.sty"
Package: logreq 2010/08/04 v1.0 xml request logger
\lrq@indent=\count90

("C:\Program Files (x86)\MiKTeX 2.9\tex\latex\logreq\logreq.def"
File: logreq.def 2010/08/04 v1.0 logreq spec v1.0
))
("C:\Program Files (x86)\MiKTeX 2.9\tex\latex\base\ifthen.sty"
Package: ifthen 2001/05/26 v1.1c Standard LaTeX ifthen package (DPC)
)
("C:\Program Files (x86)\MiKTeX 2.9\tex\latex\url\url.sty"
\Urlmuskip=\muskip10
Package: url 2013/09/16  ver 3.4  Verb mode for urls, etc.
)
\c@tabx@nest=\count91
\c@listtotal=\count92
\c@listcount=\count93
\c@liststart=\count94
\c@liststop=\count95
\c@citecount=\count96
\c@citetotal=\count97
\c@multicitecount=\count98
\c@multicitetotal=\count99
\c@instcount=\count100
\c@maxnames=\count101
\c@minnames=\count102
\c@maxitems=\count103
\c@minitems=\count104
\c@citecounter=\count105
\c@savedcitecounter=\count106
\c@uniquelist=\count107
\c@uniquename=\count108
\c@refsection=\count109
\c@refsegment=\count110
\c@maxextrayear=\count111
\c@maxextraalpha=\count112
\c@abbrvpenalty=\count113
\c@highnamepenalty=\count114
\c@lownamepenalty=\count115
\c@maxparens=\count116
\c@parenlevel=\count117
\blx@tempcnta=\count118
\blx@tempcntb=\count119
\blx@tempcntc=\count120
\blx@maxsection=\count121
\blx@maxsegment=\count122
\blx@notetype=\count123
\blx@parenlevel@text=\count124
\blx@parenlevel@foot=\count125
\labelnumberwidth=\skip45
\labelalphawidth=\skip46
\shorthandwidth=\skip47
\biblabelsep=\skip48
\bibitemsep=\skip49
\bibnamesep=\skip50
\bibinitsep=\skip51
\bibparsep=\skip52
\bibhang=\skip53
\blx@auxin=\read1
\blx@auxout=\write3
\c@mincomprange=\count126
\c@maxcomprange=\count127
\c@mincompwidth=\count128
\c@labelname=\count129
\c@savedlabelname=\count130
\c@author=\count131
\c@savedauthor=\count132
\c@shortauthor=\count133
\c@savedshortauthor=\count134
\c@editor=\count135
\c@savededitor=\count136
\c@editora=\count137
\c@savededitora=\count138
\c@editorb=\count139
\c@savededitorb=\count140
\c@editorc=\count141
\c@savededitorc=\count142
\c@shorteditor=\count143
\c@savedshorteditor=\count144
\c@bookauthor=\count145
\c@savedbookauthor=\count146
\c@translator=\count147
\c@savedtranslator=\count148
\c@annotator=\count149
\c@savedannotator=\count150
\c@commentator=\count151
\c@savedcommentator=\count152
\c@introduction=\count153
\c@savedintroduction=\count154
\c@foreword=\count155
\c@savedforeword=\count156
\c@afterword=\count157
\c@savedafterword=\count158
\c@holder=\count159
\c@savedholder=\count160
\c@namea=\count161
\c@savednamea=\count162
\c@nameb=\count163
\c@savednameb=\count164
\c@namec=\count165
\c@savednamec=\count166
\c@institution=\count167
\c@savedinstitution=\count168
\c@language=\count169
\c@savedlanguage=\count170
\c@location=\count171
\c@savedlocation=\count172
\c@organization=\count173
\c@savedorganization=\count174
\c@origlocation=\count175
\c@savedoriglocation=\count176
\c@origpublisher=\count177
\c@savedorigpublisher=\count178
\c@pageref=\count179
\c@savedpageref=\count180
\c@publisher=\count181
\c@savedpublisher=\count182
\c@lista=\count183
\c@savedlista=\count184
\c@listb=\count185
\c@savedlistb=\count186
\c@listc=\count187
\c@savedlistc=\count188
\c@listd=\count189
\c@savedlistd=\count190
\c@liste=\count191
\c@savedliste=\count192
\c@listf=\count193
\c@savedlistf=\count194
Package biblatex Info: Trying to load compatibility code...
Package biblatex Info: ... file 'blx-compat.def' found.

("C:\Program Files (x86)\MiKTeX 2.9\tex\latex\biblatex\blx-compat.def"
File: blx-compat.def 2013/11/25 v2.8a biblatex compatibility (PK/JW/AB)
)
Package biblatex Info: Trying to load generic definitions...
Package biblatex Info: ... file 'biblatex.def' found.

("C:\Program Files (x86)\MiKTeX 2.9\tex\latex\biblatex\biblatex.def"
File: biblatex.def 
\c@textcitecount=\count195
\c@textcitetotal=\count196
\c@textcitemaxnames=\count197
\c@biburlnumpenalty=\count198
\c@biburlucpenalty=\count199
\c@biburllcpenalty=\count200
\c@smartand=\count201
)
Package biblatex Info: Trying to load bibliography style 'ieee'...
Package biblatex Info: ... file 'ieee.bbx' found.

("C:\Program Files (x86)\MiKTeX 2.9\tex\latex\biblatex-ieee\ieee.bbx"
File: ieee.bbx 2013/10/25 v1.1j biblatex bibliography style
Package biblatex Info: Trying to load bibliography style 'numeric-comp'...
Package biblatex Info: ... file 'numeric-comp.bbx' found.

("C:\Program Files (x86)\MiKTeX 2.9\tex\latex\biblatex\bbx\numeric-comp.bbx"
File: numeric-comp.bbx 2013/11/25 v2.8a biblatex bibliography style (PK/JW/AB)
Package biblatex Info: Trying to load bibliography style 'numeric'...
Package biblatex Info: ... file 'numeric.bbx' found.

("C:\Program Files (x86)\MiKTeX 2.9\tex\latex\biblatex\bbx\numeric.bbx"
File: numeric.bbx 2013/11/25 v2.8a biblatex bibliography style (PK/JW/AB)
Package biblatex Info: Trying to load bibliography style 'standard'...
Package biblatex Info: ... file 'standard.bbx' found.

("C:\Program Files (x86)\MiKTeX 2.9\tex\latex\biblatex\bbx\standard.bbx"
File: standard.bbx 2013/11/25 v2.8a biblatex bibliography style (PK/JW/AB)
\c@bbx:relatedcount=\count202
\c@bbx:relatedtotal=\count203
))))
Package biblatex Info: Trying to load citation style 'ieee'...
Package biblatex Info: ... file 'ieee.cbx' found.

("C:\Program Files (x86)\MiKTeX 2.9\tex\latex\biblatex-ieee\ieee.cbx"
File: ieee.cbx 2013/10/25 v1.1j biblatex citation style
Package biblatex Info: Trying to load citation style 'numeric-comp'...
Package biblatex Info: ... file 'numeric-comp.cbx' found.

("C:\Program Files (x86)\MiKTeX 2.9\tex\latex\biblatex\cbx\numeric-comp.cbx"
File: numeric-comp.cbx 2013/11/25 v2.8a biblatex citation style (PK/JW/AB)
\c@cbx@tempcnta=\count204
\c@cbx@tempcntb=\count205
Package biblatex Info: Redefining '\cite'.
Package biblatex Info: Redefining '\parencite'.
Package biblatex Info: Redefining '\footcite'.
Package biblatex Info: Redefining '\footcitetext'.
Package biblatex Info: Redefining '\smartcite'.
Package biblatex Info: Redefining '\supercite'.
Package biblatex Info: Redefining '\textcite'.
Package biblatex Info: Redefining '\textcites'.
Package biblatex Info: Redefining '\cites'.
Package biblatex Info: Redefining '\parencites'.
Package biblatex Info: Redefining '\smartcites'.
)
Package biblatex Info: Redefining '\cite'.
Package biblatex Info: Redefining '\cites'.
)
Package biblatex Info: Trying to load configuration file...
Package biblatex Info: ... file 'biblatex.cfg' found.

("C:\Program Files (x86)\MiKTeX 2.9\tex\latex\biblatex\biblatex.cfg"
File: biblatex.cfg 
)))
("C:\Program Files (x86)\MiKTeX 2.9\tex\latex\pgf-umlsd\pgf-umlsd.sty"
Package: pgf-umlsd 2011/07/27 v0.6 Some LaTeX macros for UML Sequence Diagrams.


("C:\Program Files (x86)\MiKTeX 2.9\tex\latex\pgf\frontendlayer\tikz.sty"
("C:\Program Files (x86)\MiKTeX 2.9\tex\latex\pgf\basiclayer\pgf.sty"
("C:\Program Files (x86)\MiKTeX 2.9\tex\latex\pgf\utilities\pgfrcs.sty"
("C:\Program Files (x86)\MiKTeX 2.9\tex\generic\pgf\utilities\pgfutil-common.te
x"
\pgfutil@everybye=\toks16
\pgfutil@tempdima=\dimen108
\pgfutil@tempdimb=\dimen109

("C:\Program Files (x86)\MiKTeX 2.9\tex\generic\pgf\utilities\pgfutil-common-li
sts.tex"))
("C:\Program Files (x86)\MiKTeX 2.9\tex\generic\pgf\utilities\pgfutil-latex.def
"
\pgfutil@abb=\box27
 ("C:\Program Files (x86)\MiKTeX 2.9\tex\latex\ms\everyshi.sty"
Package: everyshi 2001/05/15 v3.00 EveryShipout Package (MS)
))
("C:\Program Files (x86)\MiKTeX 2.9\tex\generic\pgf\utilities\pgfrcs.code.tex"
Package: pgfrcs 2013/12/20 v3.0.0 (rcs-revision 1.28)
))
Package: pgf 2013/12/18 v3.0.0 (rcs-revision 1.14)
 ("C:\Program Files (x86)\MiKTeX 2.9\tex\latex\pgf\basiclayer\pgfcore.sty"
("C:\Program Files (x86)\MiKTeX 2.9\tex\latex\graphics\graphicx.sty"
Package: graphicx 1999/02/16 v1.0f Enhanced LaTeX Graphics (DPC,SPQR)

("C:\Program Files (x86)\MiKTeX 2.9\tex\latex\graphics\graphics.sty"
Package: graphics 2009/02/05 v1.0o Standard LaTeX Graphics (DPC,SPQR)

("C:\Program Files (x86)\MiKTeX 2.9\tex\latex\graphics\trig.sty"
Package: trig 1999/03/16 v1.09 sin cos tan (DPC)
)
("C:\Program Files (x86)\MiKTeX 2.9\tex\latex\00miktex\graphics.cfg"
File: graphics.cfg 2007/01/18 v1.5 graphics configuration of teTeX/TeXLive
)
Package graphics Info: Driver file: pdftex.def on input line 91.

("C:\Program Files (x86)\MiKTeX 2.9\tex\latex\pdftex-def\pdftex.def"
File: pdftex.def 2011/05/27 v0.06d Graphics/color for pdfTeX

("C:\Program Files (x86)\MiKTeX 2.9\tex\generic\oberdiek\infwarerr.sty"
Package: infwarerr 2010/04/08 v1.3 Providing info/warning/error messages (HO)
)
("C:\Program Files (x86)\MiKTeX 2.9\tex\generic\oberdiek\ltxcmds.sty"
Package: ltxcmds 2011/11/09 v1.22 LaTeX kernel commands for general use (HO)
)
\Gread@gobject=\count206
))
\Gin@req@height=\dimen110
\Gin@req@width=\dimen111
)
("C:\Program Files (x86)\MiKTeX 2.9\tex\latex\pgf\systemlayer\pgfsys.sty"
("C:\Program Files (x86)\MiKTeX 2.9\tex\generic\pgf\systemlayer\pgfsys.code.tex
"
Package: pgfsys 2013/11/30 v3.0.0 (rcs-revision 1.47)
 ("C:\Program Files (x86)\MiKTeX 2.9\tex\generic\pgf\utilities\pgfkeys.code.tex
"
\pgfkeys@pathtoks=\toks17
\pgfkeys@temptoks=\toks18

("C:\Program Files (x86)\MiKTeX 2.9\tex\generic\pgf\utilities\pgfkeysfiltered.c
ode.tex"
\pgfkeys@tmptoks=\toks19
))
\pgf@x=\dimen112
\pgf@y=\dimen113
\pgf@xa=\dimen114
\pgf@ya=\dimen115
\pgf@xb=\dimen116
\pgf@yb=\dimen117
\pgf@xc=\dimen118
\pgf@yc=\dimen119
\w@pgf@writea=\write4
\r@pgf@reada=\read2
\c@pgf@counta=\count207
\c@pgf@countb=\count208
\c@pgf@countc=\count209
\c@pgf@countd=\count210
\t@pgf@toka=\toks20
\t@pgf@tokb=\toks21
\t@pgf@tokc=\toks22

("C:\Program Files (x86)\MiKTeX 2.9\tex\generic\pgf\systemlayer\pgf.cfg"
File: pgf.cfg 2008/05/14  (rcs-revision 1.7)
)
Driver file for pgf: pgfsys-pdftex.def

("C:\Program Files (x86)\MiKTeX 2.9\tex\generic\pgf\systemlayer\pgfsys-pdftex.d
ef"
File: pgfsys-pdftex.def 2013/07/18  (rcs-revision 1.33)

("C:\Program Files (x86)\MiKTeX 2.9\tex\generic\pgf\systemlayer\pgfsys-common-p
df.def"
File: pgfsys-common-pdf.def 2013/10/10  (rcs-revision 1.13)
)))
("C:\Program Files (x86)\MiKTeX 2.9\tex\generic\pgf\systemlayer\pgfsyssoftpath.
code.tex"
File: pgfsyssoftpath.code.tex 2013/09/09  (rcs-revision 1.9)
\pgfsyssoftpath@smallbuffer@items=\count211
\pgfsyssoftpath@bigbuffer@items=\count212
)
("C:\Program Files (x86)\MiKTeX 2.9\tex\generic\pgf\systemlayer\pgfsysprotocol.
code.tex"
File: pgfsysprotocol.code.tex 2006/10/16  (rcs-revision 1.4)
)) ("C:\Program Files (x86)\MiKTeX 2.9\tex\latex\xcolor\xcolor.sty"
Package: xcolor 2007/01/21 v2.11 LaTeX color extensions (UK)

("C:\Program Files (x86)\MiKTeX 2.9\tex\latex\00miktex\color.cfg"
File: color.cfg 2007/01/18 v1.5 color configuration of teTeX/TeXLive
)
Package xcolor Info: Driver file: pdftex.def on input line 225.
Package xcolor Info: Model `cmy' substituted by `cmy0' on input line 1337.
Package xcolor Info: Model `hsb' substituted by `rgb' on input line 1341.
Package xcolor Info: Model `RGB' extended on input line 1353.
Package xcolor Info: Model `HTML' substituted by `rgb' on input line 1355.
Package xcolor Info: Model `Hsb' substituted by `hsb' on input line 1356.
Package xcolor Info: Model `tHsb' substituted by `hsb' on input line 1357.
Package xcolor Info: Model `HSB' substituted by `hsb' on input line 1358.
Package xcolor Info: Model `Gray' substituted by `gray' on input line 1359.
Package xcolor Info: Model `wave' substituted by `hsb' on input line 1360.
)
("C:\Program Files (x86)\MiKTeX 2.9\tex\generic\pgf\basiclayer\pgfcore.code.tex
"
Package: pgfcore 2010/04/11 v3.0.0 (rcs-revision 1.7)
 ("C:\Program Files (x86)\MiKTeX 2.9\tex\generic\pgf\math\pgfmath.code.tex"
("C:\Program Files (x86)\MiKTeX 2.9\tex\generic\pgf\math\pgfmathcalc.code.tex"
("C:\Program Files (x86)\MiKTeX 2.9\tex\generic\pgf\math\pgfmathutil.code.tex")
("C:\Program Files (x86)\MiKTeX 2.9\tex\generic\pgf\math\pgfmathparser.code.tex
"
\pgfmath@dimen=\dimen120
\pgfmath@count=\count213
\pgfmath@box=\box28
\pgfmath@toks=\toks23
\pgfmath@stack@operand=\toks24
\pgfmath@stack@operation=\toks25
)
("C:\Program Files (x86)\MiKTeX 2.9\tex\generic\pgf\math\pgfmathfunctions.code.
tex"
("C:\Program Files (x86)\MiKTeX 2.9\tex\generic\pgf\math\pgfmathfunctions.basic
.code.tex")
("C:\Program Files (x86)\MiKTeX 2.9\tex\generic\pgf\math\pgfmathfunctions.trigo
nometric.code.tex")
("C:\Program Files (x86)\MiKTeX 2.9\tex\generic\pgf\math\pgfmathfunctions.rando
m.code.tex")
("C:\Program Files (x86)\MiKTeX 2.9\tex\generic\pgf\math\pgfmathfunctions.compa
rison.code.tex")
("C:\Program Files (x86)\MiKTeX 2.9\tex\generic\pgf\math\pgfmathfunctions.base.
code.tex")
("C:\Program Files (x86)\MiKTeX 2.9\tex\generic\pgf\math\pgfmathfunctions.round
.code.tex")
("C:\Program Files (x86)\MiKTeX 2.9\tex\generic\pgf\math\pgfmathfunctions.misc.
code.tex")
("C:\Program Files (x86)\MiKTeX 2.9\tex\generic\pgf\math\pgfmathfunctions.integ
erarithmetics.code.tex")))
("C:\Program Files (x86)\MiKTeX 2.9\tex\generic\pgf\math\pgfmathfloat.code.tex"
\c@pgfmathroundto@lastzeros=\count214
))
("C:\Program Files (x86)\MiKTeX 2.9\tex\generic\pgf\basiclayer\pgfcorepoints.co
de.tex"
File: pgfcorepoints.code.tex 2013/10/07  (rcs-revision 1.27)
\pgf@picminx=\dimen121
\pgf@picmaxx=\dimen122
\pgf@picminy=\dimen123
\pgf@picmaxy=\dimen124
\pgf@pathminx=\dimen125
\pgf@pathmaxx=\dimen126
\pgf@pathminy=\dimen127
\pgf@pathmaxy=\dimen128
\pgf@xx=\dimen129
\pgf@xy=\dimen130
\pgf@yx=\dimen131
\pgf@yy=\dimen132
\pgf@zx=\dimen133
\pgf@zy=\dimen134
)
("C:\Program Files (x86)\MiKTeX 2.9\tex\generic\pgf\basiclayer\pgfcorepathconst
ruct.code.tex"
File: pgfcorepathconstruct.code.tex 2013/10/07  (rcs-revision 1.29)
\pgf@path@lastx=\dimen135
\pgf@path@lasty=\dimen136
)
("C:\Program Files (x86)\MiKTeX 2.9\tex\generic\pgf\basiclayer\pgfcorepathusage
.code.tex"
File: pgfcorepathusage.code.tex 2013/12/13  (rcs-revision 1.23)
\pgf@shorten@end@additional=\dimen137
\pgf@shorten@start@additional=\dimen138
)
("C:\Program Files (x86)\MiKTeX 2.9\tex\generic\pgf\basiclayer\pgfcorescopes.co
de.tex"
File: pgfcorescopes.code.tex 2013/10/09  (rcs-revision 1.44)
\pgfpic=\box29
\pgf@hbox=\box30
\pgf@layerbox@main=\box31
\pgf@picture@serial@count=\count215
)
("C:\Program Files (x86)\MiKTeX 2.9\tex\generic\pgf\basiclayer\pgfcoregraphicst
ate.code.tex"
File: pgfcoregraphicstate.code.tex 2013/09/19  (rcs-revision 1.11)
\pgflinewidth=\dimen139
)
("C:\Program Files (x86)\MiKTeX 2.9\tex\generic\pgf\basiclayer\pgfcoretransform
ations.code.tex"
File: pgfcoretransformations.code.tex 2013/10/10  (rcs-revision 1.17)
\pgf@pt@x=\dimen140
\pgf@pt@y=\dimen141
\pgf@pt@temp=\dimen142
)
("C:\Program Files (x86)\MiKTeX 2.9\tex\generic\pgf\basiclayer\pgfcorequick.cod
e.tex"
File: pgfcorequick.code.tex 2008/10/09  (rcs-revision 1.3)
)
("C:\Program Files (x86)\MiKTeX 2.9\tex\generic\pgf\basiclayer\pgfcoreobjects.c
ode.tex"
File: pgfcoreobjects.code.tex 2006/10/11  (rcs-revision 1.2)
)
("C:\Program Files (x86)\MiKTeX 2.9\tex\generic\pgf\basiclayer\pgfcorepathproce
ssing.code.tex"
File: pgfcorepathprocessing.code.tex 2013/09/09  (rcs-revision 1.9)
)
("C:\Program Files (x86)\MiKTeX 2.9\tex\generic\pgf\basiclayer\pgfcorearrows.co
de.tex"
File: pgfcorearrows.code.tex 2013/11/07  (rcs-revision 1.40)
\pgfarrowsep=\dimen143
)
("C:\Program Files (x86)\MiKTeX 2.9\tex\generic\pgf\basiclayer\pgfcoreshade.cod
e.tex"
File: pgfcoreshade.code.tex 2013/07/15  (rcs-revision 1.15)
\pgf@max=\dimen144
\pgf@sys@shading@range@num=\count216
)
("C:\Program Files (x86)\MiKTeX 2.9\tex\generic\pgf\basiclayer\pgfcoreimage.cod
e.tex"
File: pgfcoreimage.code.tex 2013/07/15  (rcs-revision 1.18)

("C:\Program Files (x86)\MiKTeX 2.9\tex\generic\pgf\basiclayer\pgfcoreexternal.
code.tex"
File: pgfcoreexternal.code.tex 2013/07/15  (rcs-revision 1.20)
\pgfexternal@startupbox=\box32
))
("C:\Program Files (x86)\MiKTeX 2.9\tex\generic\pgf\basiclayer\pgfcorelayers.co
de.tex"
File: pgfcorelayers.code.tex 2013/07/18  (rcs-revision 1.7)
)
("C:\Program Files (x86)\MiKTeX 2.9\tex\generic\pgf\basiclayer\pgfcoretranspare
ncy.code.tex"
File: pgfcoretransparency.code.tex 2013/09/30  (rcs-revision 1.5)
)
("C:\Program Files (x86)\MiKTeX 2.9\tex\generic\pgf\basiclayer\pgfcorepatterns.
code.tex"
File: pgfcorepatterns.code.tex 2013/11/07  (rcs-revision 1.5)
)))
("C:\Program Files (x86)\MiKTeX 2.9\tex\generic\pgf\modules\pgfmoduleshapes.cod
e.tex"
File: pgfmoduleshapes.code.tex 2013/10/31  (rcs-revision 1.34)
\pgfnodeparttextbox=\box33
)
("C:\Program Files (x86)\MiKTeX 2.9\tex\generic\pgf\modules\pgfmoduleplot.code.
tex"
File: pgfmoduleplot.code.tex 2013/07/31  (rcs-revision 1.12)
)
("C:\Program Files (x86)\MiKTeX 2.9\tex\latex\pgf\compatibility\pgfcomp-version
-0-65.sty"
Package: pgfcomp-version-0-65 2007/07/03 v3.0.0 (rcs-revision 1.7)
\pgf@nodesepstart=\dimen145
\pgf@nodesepend=\dimen146
)
("C:\Program Files (x86)\MiKTeX 2.9\tex\latex\pgf\compatibility\pgfcomp-version
-1-18.sty"
Package: pgfcomp-version-1-18 2007/07/23 v3.0.0 (rcs-revision 1.1)
))
("C:\Program Files (x86)\MiKTeX 2.9\tex\latex\pgf\utilities\pgffor.sty"
("C:\Program Files (x86)\MiKTeX 2.9\tex\latex\pgf\utilities\pgfkeys.sty"
("C:\Program Files (x86)\MiKTeX 2.9\tex\generic\pgf\utilities\pgfkeys.code.tex"
)) ("C:\Program Files (x86)\MiKTeX 2.9\tex\latex\pgf\math\pgfmath.sty"
("C:\Program Files (x86)\MiKTeX 2.9\tex\generic\pgf\math\pgfmath.code.tex"))
("C:\Program Files (x86)\MiKTeX 2.9\tex\generic\pgf\utilities\pgffor.code.tex"
Package: pgffor 2013/12/13 v3.0.0 (rcs-revision 1.25)

("C:\Program Files (x86)\MiKTeX 2.9\tex\generic\pgf\math\pgfmath.code.tex")
\pgffor@iter=\dimen147
\pgffor@skip=\dimen148
\pgffor@stack=\toks26
\pgffor@toks=\toks27
))
("C:\Program Files (x86)\MiKTeX 2.9\tex\generic\pgf\frontendlayer\tikz\tikz.cod
e.tex"
Package: tikz 2013/12/13 v3.0.0 (rcs-revision 1.142)

("C:\Program Files (x86)\MiKTeX 2.9\tex\generic\pgf\libraries\pgflibraryplothan
dlers.code.tex"
File: pgflibraryplothandlers.code.tex 2013/08/31 v3.0.0 (rcs-revision 1.20)
\pgf@plot@mark@count=\count217
\pgfplotmarksize=\dimen149
)
\tikz@lastx=\dimen150
\tikz@lasty=\dimen151
\tikz@lastxsaved=\dimen152
\tikz@lastysaved=\dimen153
\tikzleveldistance=\dimen154
\tikzsiblingdistance=\dimen155
\tikz@figbox=\box34
\tikz@figbox@bg=\box35
\tikz@tempbox=\box36
\tikz@tempbox@bg=\box37
\tikztreelevel=\count218
\tikznumberofchildren=\count219
\tikznumberofcurrentchild=\count220
\tikz@fig@count=\count221

("C:\Program Files (x86)\MiKTeX 2.9\tex\generic\pgf\modules\pgfmodulematrix.cod
e.tex"
File: pgfmodulematrix.code.tex 2013/09/17  (rcs-revision 1.8)
\pgfmatrixcurrentrow=\count222
\pgfmatrixcurrentcolumn=\count223
\pgf@matrix@numberofcolumns=\count224
)
\tikz@expandcount=\count225

("C:\Program Files (x86)\MiKTeX 2.9\tex\generic\pgf\frontendlayer\tikz\librarie
s\tikzlibrarytopaths.code.tex"
File: tikzlibrarytopaths.code.tex 2008/06/17 v3.0.0 (rcs-revision 1.2)
)))
("C:\Program Files (x86)\MiKTeX 2.9\tex\generic\pgf\frontendlayer\tikz\librarie
s\tikzlibraryarrows.code.tex"
File: tikzlibraryarrows.code.tex 2008/01/09 v3.0.0 (rcs-revision 1.1)

("C:\Program Files (x86)\MiKTeX 2.9\tex\generic\pgf\libraries\pgflibraryarrows.
code.tex"
File: pgflibraryarrows.code.tex 2013/09/23 v3.0.0 (rcs-revision 1.16)
\arrowsize=\dimen156
))
("C:\Program Files (x86)\MiKTeX 2.9\tex\generic\pgf\frontendlayer\tikz\librarie
s\tikzlibraryshadows.code.tex"
File: tikzlibraryshadows.code.tex 2008/01/13 v3.0.0 (rcs-revision 1.3)

("C:\Program Files (x86)\MiKTeX 2.9\tex\generic\pgf\frontendlayer\tikz\librarie
s\tikzlibraryfadings.code.tex"
File: tikzlibraryfadings.code.tex 2009/11/15 v3.0.0 (rcs-revision 1.2)

("C:\Program Files (x86)\MiKTeX 2.9\tex\generic\pgf\libraries\pgflibraryfadings
.code.tex"
File: pgflibraryfadings.code.tex 2008/02/07 v3.0.0 (rcs-revision 1.3)
)))
\c@preinst=\count226
\c@instnum=\count227
\c@threadnum=\count228
\c@seqlevel=\count229
\c@callevel=\count230
\c@callselflevel=\count231
\c@blocklevel=\count232
) (C:\Users\Jake\Documents\GitHub\ProjectReport\pgf-umlcd.sty
("C:\Program Files (x86)\MiKTeX 2.9\tex\generic\pgf\frontendlayer\tikz\librarie
s\tikzlibraryshapes.multipart.code.tex"
File: tikzlibraryshapes.multipart.code.tex 2008/01/09 v3.0.0 (rcs-revision 1.1)


("C:\Program Files (x86)\MiKTeX 2.9\tex\generic\pgf\libraries\shapes\pgflibrary
shapes.multipart.code.tex"
File: pgflibraryshapes.multipart.code.tex 2010/01/07 v3.0.0 (rcs-revision 1.2)
\pgfnodepartlowerbox=\box38
\pgfnodeparttwobox=\box39
\pgfnodepartthreebox=\box40
\pgfnodepartfourbox=\box41
\pgfnodeparttwentybox=\box42
\pgfnodepartnineteenbox=\box43
\pgfnodeparteighteenbox=\box44
\pgfnodepartseventeenbox=\box45
\pgfnodepartsixteenbox=\box46
\pgfnodepartfifteenbox=\box47
\pgfnodepartfourteenbox=\box48
\pgfnodepartthirteenbox=\box49
\pgfnodeparttwelvebox=\box50
\pgfnodepartelevenbox=\box51
\pgfnodeparttenbox=\box52
\pgfnodepartninebox=\box53
\pgfnodeparteightbox=\box54
\pgfnodepartsevenbox=\box55
\pgfnodepartsixbox=\box56
\pgfnodepartfivebox=\box57
))
("C:\Program Files (x86)\MiKTeX 2.9\tex\generic\pgf\frontendlayer\tikz\librarie
s\tikzlibrarybackgrounds.code.tex"
File: tikzlibrarybackgrounds.code.tex 2013/07/18 v3.0.0 (rcs-revision 1.3)
\pgf@layerbox@background=\box58
\pgf@layerboxsaved@background=\box59
)
("C:\Program Files (x86)\MiKTeX 2.9\tex\generic\pgf\frontendlayer\tikz\librarie
s\tikzlibraryfit.code.tex"
File: tikzlibraryfit.code.tex 2013/07/12 v3.0.0 (rcs-revision 1.5)
)
\pgf@layerbox@connectionlayers=\box60
\pgf@layerboxsaved@connectionlayers=\box61
\c@umlcdClassAttributesNum=\count233
Normal \count register pool exhausted, switching to extended pool.
\c@umlcdClassOperationsNum=\count277
\c@umlcdClassAbstractClassNum=\count278
\c@umlcdClassInterfaceNum=\count279
\c@umlcdClassSplitPartNum=\count280
)
("C:\Program Files (x86)\MiKTeX 2.9\tex\latex\listings\listings.sty"
\lst@mode=\count281
\lst@gtempboxa=\box62
\lst@token=\toks28
\lst@length=\count282
\lst@currlwidth=\dimen157
\lst@column=\count283
\lst@pos=\count284
\lst@lostspace=\dimen158
\lst@width=\dimen159
\lst@newlines=\count285
\lst@lineno=\count286
\lst@maxwidth=\dimen160

("C:\Program Files (x86)\MiKTeX 2.9\tex\latex\listings\lstmisc.sty"
File: lstmisc.sty 2013/08/26 1.5b (Carsten Heinz)
\c@lstnumber=\count287
\lst@skipnumbers=\count288
\lst@framebox=\box63
)
("C:\Program Files (x86)\MiKTeX 2.9\tex\latex\listings\listings.cfg"
File: listings.cfg 2013/08/26 1.5b listings configuration
))
Package: listings 2013/08/26 1.5b (Carsten Heinz)

("C:\Program Files (x86)\MiKTeX 2.9\tex\latex\fancyhdr\fancyhdr.sty"
\fancy@headwidth=\skip54
\f@ncyO@elh=\skip55
\f@ncyO@erh=\skip56
\f@ncyO@olh=\skip57
\f@ncyO@orh=\skip58
\f@ncyO@elf=\skip59
\f@ncyO@erf=\skip60
\f@ncyO@olf=\skip61
\f@ncyO@orf=\skip62
)
("C:\Program Files (x86)\MiKTeX 2.9\tex\latex\setspace\setspace.sty"
Package: setspace 2011/12/19 v6.7a set line spacing
)
("C:\Program Files (x86)\MiKTeX 2.9\tex\latex\ltxmisc\parskip.sty"
Package: parskip 2001/04/09 non-zero parskip adjustments
)
Package biblatex Info: Trying to load language 'english'...
Package biblatex Info: ... file 'english.lbx' found.

("C:\Program Files (x86)\MiKTeX 2.9\tex\latex\biblatex\lbx\english.lbx"
File: english.lbx 2013/11/25 v2.8a biblatex localization (PK/JW/AB)
)
\@quotelevel=\count289
\@quotereset=\count290

(C:\Users\Jake\Documents\GitHub\ProjectReport\main.aux)
LaTeX Font Info:    Checking defaults for OML/cmm/m/it on input line 34.
LaTeX Font Info:    ... okay on input line 34.
LaTeX Font Info:    Checking defaults for T1/cmr/m/n on input line 34.
LaTeX Font Info:    ... okay on input line 34.
LaTeX Font Info:    Checking defaults for OT1/cmr/m/n on input line 34.
LaTeX Font Info:    ... okay on input line 34.
LaTeX Font Info:    Checking defaults for OMS/cmsy/m/n on input line 34.
LaTeX Font Info:    ... okay on input line 34.
LaTeX Font Info:    Checking defaults for OMX/cmex/m/n on input line 34.
LaTeX Font Info:    ... okay on input line 34.
LaTeX Font Info:    Checking defaults for U/cmr/m/n on input line 34.
LaTeX Font Info:    ... okay on input line 34.
Package lastpage Info: Please have a look at the pageslts package at
(lastpage)             http://www.ctan.org/tex-archive/ 
(lastpage)             macros/latex/contrib/pageslts/ 
(lastpage)             or
(lastpage)             http://www.ctan.org/tex-archive/ 
(lastpage)             install/macros/latex/contrib/pageslts.tds.zip
(lastpage)             ! on input line 34.
Package biblatex Info: No input encoding detected.
(biblatex)             Assuming 'ascii'.
Package biblatex Info: Automatic encoding selection.
(biblatex)             Assuming data encoding 'ascii'.
Package biblatex Info: Trying to load bibliographic data...
Package biblatex Info: ... file 'main.bbl' found.

(C:\Users\Jake\Documents\GitHub\ProjectReport\main.bbl)
Package biblatex Info: Reference section=0 on input line 34.
Package biblatex Info: Reference segment=0 on input line 34.

ABD: EveryShipout initializing macros
("C:\Program Files (x86)\MiKTeX 2.9\tex\context\base\supp-pdf.mkii"
[Loading MPS to PDF converter (version 2006.09.02).]
\scratchcounter=\count291
\scratchdimen=\dimen161
\scratchbox=\box64
\nofMPsegments=\count292
\nofMParguments=\count293
\everyMPshowfont=\toks29
\MPscratchCnt=\count294
\MPscratchDim=\dimen162
\MPnumerator=\count295
\makeMPintoPDFobject=\count296
\everyMPtoPDFconversion=\toks30
)
\c@lstlisting=\count297
LaTeX Font Info:    External font `cmex10' loaded for size
(Font)              <12> on input line 39.
LaTeX Font Info:    External font `cmex10' loaded for size
(Font)              <8> on input line 39.
LaTeX Font Info:    External font `cmex10' loaded for size
(Font)              <6> on input line 39.
 (C:\Users\Jake\Documents\GitHub\ProjectReport\abstract.tex [1

{C:/ProgramData/MiKTeX/2.9/pdftex/config/pdftex.map}])
(C:\Users\Jake\Documents\GitHub\ProjectReport\acknowledgements.tex [1

])
(C:\Users\Jake\Documents\GitHub\ProjectReport\abbrev.tex [2

])
(C:\Users\Jake\Documents\GitHub\ProjectReport\main.toc
LaTeX Font Info:    External font `cmex10' loaded for size
(Font)              <7> on input line 5.
LaTeX Font Info:    External font `cmex10' loaded for size
(Font)              <5> on input line 5.
 [3

])
\tf@toc=\write5
 [4]
(C:\Users\Jake\Documents\GitHub\ProjectReport\intro/intro.tex
Missing character: There is no ‚ in font cmr10!
Missing character: There is no Ä in font cmr10!
Missing character: There is no ô in font cmr10!
 [1

]
<intro/diagrams/tcpip.png, id=54, 86.57344pt x 107.65219pt>
File: intro/diagrams/tcpip.png Graphic file (type png)

<use intro/diagrams/tcpip.png>
Package pdftex.def Info: intro/diagrams/tcpip.png used on input line 15.
(pdftex.def)             Requested size: 86.57321pt x 107.65192pt.

Underfull \hbox (badness 1067) in paragraph at lines 26--26
\OT1/cmr/m/n/10 5GHz band with a max-i-mum
 []


Underfull \hbox (badness 10000) in paragraph at lines 28--28
[]\OT1/cmr/m/n/10 TGg al-lows for 54Mbit/s
 []

[2

 <C:/Users/Jake/Documents/GitHub/ProjectReport/intro/diagrams/tcpip.png>]
<intro/diagrams/bss.png, id=59, 164.11313pt x 218.31563pt>
File: intro/diagrams/bss.png Graphic file (type png)

<use intro/diagrams/bss.png>
Package pdftex.def Info: intro/diagrams/bss.png used on input line 56.
(pdftex.def)             Requested size: 164.11272pt x 218.31508pt.
 [3] [4 <C:/Users/Jake/Documents/GitHub/ProjectReport/intro/diagrams/bss.png>]
<intro/diagrams/ssid.png, id=66, 272.51813pt x 297.36093pt>
File: intro/diagrams/ssid.png Graphic file (type png)

<use intro/diagrams/ssid.png>
Package pdftex.def Info: intro/diagrams/ssid.png used on input line 68.
(pdftex.def)             Requested size: 272.51746pt x 297.3602pt.

<intro/diagrams/ess.png, id=67, 346.29375pt x 258.9675pt>
File: intro/diagrams/ess.png Graphic file (type png)

<use intro/diagrams/ess.png>
Package pdftex.def Info: intro/diagrams/ess.png used on input line 76.
(pdftex.def)             Requested size: 346.2929pt x 258.96684pt.

Overfull \hbox (1.2929pt too wide) in paragraph at lines 76--77
 [][] 
 []

[5 <C:/Users/Jake/Documents/GitHub/ProjectReport/intro/diagrams/ssid.png>]
[6 <C:/Users/Jake/Documents/GitHub/ProjectReport/intro/diagrams/ess.png>]
[7] [8]) (C:\Users\Jake\Documents\GitHub\ProjectReport\research/research.tex
(C:\Users\Jake\Documents\GitHub\ProjectReport\research/80211/80211.tex
<research/80211/figures/framestructure.png, id=81, 451.6875pt x 90.3375pt>
File: research/80211/figures/framestructure.png Graphic file (type png)

<use research/80211/figures/framestructure.png>
Package pdftex.def Info: research/80211/figures/framestructure.png used on inpu
t line 39.
(pdftex.def)             Requested size: 345.0pt x 69.00456pt.

Underfull \hbox (badness 2529) in paragraph at lines 51--51
\OT1/cmr/m/n/10 du-pli-cated frames by keep-ing
 []


Underfull \hbox (badness 1178) in paragraph at lines 51--51
\OT1/cmr/m/n/10 track of the cur-rent se-quence
 []


LaTeX Warning: `!h' float specifier changed to `!ht'.


Underfull \hbox (badness 4072) in paragraph at lines 64--64
[]\OT1/cmr/m/n/10 Identifies the ver-sion of the
 []

Missing character: There is no ‚ in font cmr10!
Missing character: There is no Ä in font cmr10!
Missing character: There is no ô in font cmr10!

Underfull \hbox (badness 2409) in paragraph at lines 71--71
\OT1/cmr/m/n/10 man-age-ment state: 0 is ac-
 []


Underfull \hbox (badness 1082) in paragraph at lines 72--72
[]\OT1/cmr/m/n/10 Determines whether an ac-cess
 []


Underfull \hbox (badness 2027) in paragraph at lines 72--72
\OT1/cmr/m/n/10 point has cached data for a
 []


Underfull \hbox (badness 2080) in paragraph at lines 72--72
\OT1/cmr/m/n/10 sta-tion. Used dur-ing roam-
 []


LaTeX Warning: `!h' float specifier changed to `!ht'.

[9

 <C:/Users/Jake/Documents/GitHub/ProjectReport/research/80211/figures/framestru
cture.png>] [10] [11]
Missing character: There is no ‚ in font cmr10!
Missing character: There is no Ä in font cmr10!
Missing character: There is no ô in font cmr10!

<research/80211/figures/bt1.png, id=91, 439.6425pt x 270.25969pt>
File: research/80211/figures/bt1.png Graphic file (type png)

<use research/80211/figures/bt1.png>
Package pdftex.def Info: research/80211/figures/bt1.png used on input line 89.
(pdftex.def)             Requested size: 345.0pt x 212.08833pt.
Missing character: There is no ‚ in font cmr10!
Missing character: There is no Ä in font cmr10!
Missing character: There is no ô in font cmr10!
Missing character: There is no ‚ in font cmr10!
Missing character: There is no Ä in font cmr10!
Missing character: There is no ô in font cmr10!
Missing character: There is no ‚ in font cmr10!
Missing character: There is no Ä in font cmr10!
Missing character: There is no ô in font cmr10!
Missing character: There is no ‚ in font cmr10!
Missing character: There is no Ä in font cmr10!
Missing character: There is no ô in font cmr10!

<research/80211/figures/bt2.png, id=92, 331.2375pt x 18.82031pt>
File: research/80211/figures/bt2.png Graphic file (type png)

<use research/80211/figures/bt2.png>
Package pdftex.def Info: research/80211/figures/bt2.png used on input line 97.
(pdftex.def)             Requested size: 345.0pt x 19.60309pt.

<research/80211/figures/bt3.png, id=93, 453.19313pt x 10.53937pt>
File: research/80211/figures/bt3.png Graphic file (type png)

<use research/80211/figures/bt3.png>
Package pdftex.def Info: research/80211/figures/bt3.png used on input line 103.

(pdftex.def)             Requested size: 345.0pt x 8.02316pt.

<research/80211/figures/bt4.png, id=94, 453.19313pt x 283.0575pt>
File: research/80211/figures/bt4.png Graphic file (type png)

<use research/80211/figures/bt4.png>
Package pdftex.def Info: research/80211/figures/bt4.png used on input line 109.

(pdftex.def)             Requested size: 345.0pt x 215.48009pt.
 [12

 <C:/Users/Jake/Documents/GitHub/ProjectReport/research/80211/figures/bt1.png>]

<research/80211/figures/bt5.png, id=98, 334.24875pt x 22.58438pt>
File: research/80211/figures/bt5.png Graphic file (type png)

<use research/80211/figures/bt5.png>
Package pdftex.def Info: research/80211/figures/bt5.png used on input line 119.

(pdftex.def)             Requested size: 345.0pt x 23.3128pt.

<research/80211/figures/bt6.png, id=99, 453.19313pt x 8.28094pt>
File: research/80211/figures/bt6.png Graphic file (type png)

<use research/80211/figures/bt6.png>
Package pdftex.def Info: research/80211/figures/bt6.png used on input line 127.

(pdftex.def)             Requested size: 345.0pt x 6.30392pt.

<research/80211/figures/bt65.png, id=100, 453.19313pt x 315.42844pt>
File: research/80211/figures/bt65.png Graphic file (type png)

<use research/80211/figures/bt65.png>
Package pdftex.def Info: research/80211/figures/bt65.png used on input line 135
.
(pdftex.def)             Requested size: 345.0pt x 240.12276pt.

<research/80211/figures/bt7.png, id=101, 453.19313pt x 8.28094pt>
File: research/80211/figures/bt7.png Graphic file (type png)

<use research/80211/figures/bt7.png>
Package pdftex.def Info: research/80211/figures/bt7.png used on input line 142.

(pdftex.def)             Requested size: 345.0pt x 6.30392pt.

<research/80211/figures/bt8.png, id=102, 453.19313pt x 243.15843pt>
File: research/80211/figures/bt8.png Graphic file (type png)

<use research/80211/figures/bt8.png>
Package pdftex.def Info: research/80211/figures/bt8.png used on input line 148.

(pdftex.def)             Requested size: 345.0pt x 185.10657pt.
) [13 <C:/Users/Jake/Documents/GitHub/ProjectReport/research/80211/figures/bt2.
png> <C:/Users/Jake/Documents/GitHub/ProjectReport/research/80211/figures/bt3.p
ng> <C:/Users/Jake/Documents/GitHub/ProjectReport/research/80211/figures/bt4.pn
g> <C:/Users/Jake/Documents/GitHub/ProjectReport/research/80211/figures/bt5.png
> <C:/Users/Jake/Documents/GitHub/ProjectReport/research/80211/figures/bt6.png>
]
(C:\Users\Jake\Documents\GitHub\ProjectReport\research/attackvectors/attackvect
ors.tex [14 <C:/Users/Jake/Documents/GitHub/ProjectReport/research/80211/figure
s/bt65.png> <C:/Users/Jake/Documents/GitHub/ProjectReport/research/80211/figure
s/bt7.png> <C:/Users/Jake/Documents/GitHub/ProjectReport/research/80211/figures
/bt8.png>]
(C:\Users\Jake\Documents\GitHub\ProjectReport\research/attackvectors/spoofap.te
x <research/figures/spoofap.png, id=110, 423.83344pt x 233.37187pt>
File: research/figures/spoofap.png Graphic file (type png)

<use research/figures/spoofap.png>
Package pdftex.def Info: research/figures/spoofap.png used on input line 6.
(pdftex.def)             Requested size: 345.0pt x 189.97026pt.
Missing character: There is no ‚ in font cmr10!
Missing character: There is no Ä in font cmr10!
Missing character: There is no ô in font cmr10!

<research/attackvectors/figures/spoofap1.png, id=111, 453.19313pt x 65.49469pt>
File: research/attackvectors/figures/spoofap1.png Graphic file (type png)
<use research/attackvectors/figures/spoofap1.png>
Package pdftex.def Info: research/attackvectors/figures/spoofap1.png used on in
put line 14.
(pdftex.def)             Requested size: 345.0pt x 49.8584pt.
Missing character: There is no ‚ in font cmr10!
Missing character: There is no Ä in font cmr10!
Missing character: There is no ú in font cmr10!
Missing character: There is no ‚ in font cmr10!
Missing character: There is no Ä in font cmr10!
Missing character: There is no ù in font cmr10!


LaTeX Warning: `!h' float specifier changed to `!ht'.

) (C:\Users\Jake\Documents\GitHub\ProjectReport\research/attackvectors/mitm.tex
[15

 <C:/Users/Jake/Documents/GitHub/ProjectReport/research/figures/spoofap.png>] <
research/figures/mitm.png, id=115, 380.92313pt x 228.10219pt>
File: research/figures/mitm.png Graphic file (type png)

<use research/figures/mitm.png>
Package pdftex.def Info: research/figures/mitm.png used on input line 5.
(pdftex.def)             Requested size: 345.0pt x 206.59874pt.
)
(C:\Users\Jake\Documents\GitHub\ProjectReport\research/attackvectors/ddos.tex
[16 <C:/Users/Jake/Documents/GitHub/ProjectReport/research/attackvectors/figure
s/spoofap1.png> <C:/Users/Jake/Documents/GitHub/ProjectReport/research/figures/
mitm.png>] [17]
<research/attackvectors/figures/ddos.png, id=122, 283.0575pt x 277.035pt>
File: research/attackvectors/figures/ddos.png Graphic file (type png)

<use research/attackvectors/figures/ddos.png>
Package pdftex.def Info: research/attackvectors/figures/ddos.png used on input 
line 9.
(pdftex.def)             Requested size: 283.0568pt x 277.03432pt.
Missing character: There is no ‚ in font cmr10!
Missing character: There is no Ä in font cmr10!
Missing character: There is no ô in font cmr10!

<research/attackvectors/figures/ddos-1.png, id=123, 453.19313pt x 163.3603pt>
File: research/attackvectors/figures/ddos-1.png Graphic file (type png)

<use research/attackvectors/figures/ddos-1.png>
Package pdftex.def Info: research/attackvectors/figures/ddos-1.png used on inpu
t line 22.
(pdftex.def)             Requested size: 345.0pt x 124.35951pt.


LaTeX Warning: `!h' float specifier changed to `!ht'.

[18

 <C:/Users/Jake/Documents/GitHub/ProjectReport/research/attackvectors/figures/d
dos.png>]
<research/attackvectors/figures/ddos-2.png, id=127, 453.19313pt x 48.93282pt>
File: research/attackvectors/figures/ddos-2.png Graphic file (type png)

<use research/attackvectors/figures/ddos-2.png>
Package pdftex.def Info: research/attackvectors/figures/ddos-2.png used on inpu
t line 30.
(pdftex.def)             Requested size: 345.0pt x 37.25053pt.

<research/attackvectors/figures/ddos-3.png, id=128, 453.19313pt x 75.28125pt>
File: research/attackvectors/figures/ddos-3.png Graphic file (type png)

<use research/attackvectors/figures/ddos-3.png>
Package pdftex.def Info: research/attackvectors/figures/ddos-3.png used on inpu
t line 35.
(pdftex.def)             Requested size: 345.0pt x 57.30852pt.

<research/attackvectors/figures/ddos-4.png, id=129, 453.19313pt x 9.03375pt>
File: research/attackvectors/figures/ddos-4.png Graphic file (type png)

<use research/attackvectors/figures/ddos-4.png>
Package pdftex.def Info: research/attackvectors/figures/ddos-4.png used on inpu
t line 40.
(pdftex.def)             Requested size: 345.0pt x 6.877pt.
Missing character: There is no ‚ in font cmr10!
Missing character: There is no Ä in font cmr10!
Missing character: There is no ô in font cmr10!

<research/attackvectors/figures/ddos-5.png, id=130, 453.19313pt x 65.49469pt>
File: research/attackvectors/figures/ddos-5.png Graphic file (type png)

<use research/attackvectors/figures/ddos-5.png>
Package pdftex.def Info: research/attackvectors/figures/ddos-5.png used on inpu
t line 48.
(pdftex.def)             Requested size: 345.0pt x 49.8584pt.


LaTeX Warning: `!h' float specifier changed to `!ht'.

)
(C:\Users\Jake\Documents\GitHub\ProjectReport\research/attackvectors/honeypot.t
ex [19 <C:/Users/Jake/Documents/GitHub/ProjectReport/research/attackvectors/fig
ures/ddos-1.png> <C:/Users/Jake/Documents/GitHub/ProjectReport/research/attackv
ectors/figures/ddos-2.png> <C:/Users/Jake/Documents/GitHub/ProjectReport/resear
ch/attackvectors/figures/ddos-3.png> <C:/Users/Jake/Documents/GitHub/ProjectRep
ort/research/attackvectors/figures/ddos-4.png>] [20 <C:/Users/Jake/Documents/Gi
tHub/ProjectReport/research/attackvectors/figures/ddos-5.png>]
<research/attackvectors/figures/honeypot.png, id=138, 243.91125pt x 199.49532pt
>
File: research/attackvectors/figures/honeypot.png Graphic file (type png)
 <use research/attackvectors/figures/honeypot.png>
Package pdftex.def Info: research/attackvectors/figures/honeypot.png used on in
put line 8.
(pdftex.def)             Requested size: 243.91064pt x 199.49481pt.
 [21

 <C:/Users/Jake/Documents/GitHub/ProjectReport/research/attackvectors/figures/h
oneypot.png>])) [22]
(C:\Users\Jake\Documents\GitHub\ProjectReport\research/lowlevellibs.tex
Missing character: There is no ‚ in font cmr10!
Missing character: There is no Ä in font cmr10!
Missing character: There is no ô in font cmr10!
)
[23] (C:\Users\Jake\Documents\GitHub\ProjectReport\research/hardware.tex)
[24]
(C:\Users\Jake\Documents\GitHub\ProjectReport\research/operatingsystems.tex
Missing character: There is no ‚ in font cmr10!
Missing character: There is no Ä in font cmr10!
Missing character: There is no ô in font cmr10!
)
[25] (C:\Users\Jake\Documents\GitHub\ProjectReport\research/androidgames.tex)
[26] (C:\Users\Jake\Documents\GitHub\ProjectReport\research/information.tex
Missing character: There is no ‚ in font cmr10!
Missing character: There is no Ä in font cmr10!
Missing character: There is no ô in font cmr10!
Missing character: There is no ‚ in font cmr10!
Missing character: There is no Ä in font cmr10!
Missing character: There is no ô in font cmr10!
)
[27] (C:\Users\Jake\Documents\GitHub\ProjectReport\research/legal.tex) [28])
(C:\Users\Jake\Documents\GitHub\ProjectReport\requirements/requirements.tex
[29

] [30]
LaTeX Font Info:    Try loading font information for OMS+cmr on input line 48.
 ("C:\Program Files (x86)\MiKTeX 2.9\tex\latex\base\omscmr.fd"
File: omscmr.fd 1999/05/25 v2.5h Standard LaTeX font definitions
)
LaTeX Font Info:    Font shape `OMS/cmr/m/n' in size <10> not available
(Font)              Font shape `OMS/cmsy/m/n' tried instead on input line 48.

[31]
Overfull \hbox (19.29811pt too wide) in paragraph at lines 91--91
|\OT1/cmr/bx/n/10 Make in-for-ma-tion avail-able to the sup-port ap-pli-ca-tion
 through TCP| 
 []

[32] [33]) (C:\Users\Jake\Documents\GitHub\ProjectReport\design/design.tex
<design/figures/overall.png, id=181, 409.53pt x 134.00063pt>
File: design/figures/overall.png Graphic file (type png)

<use design/figures/overall.png>
Package pdftex.def Info: design/figures/overall.png used on input line 4.
(pdftex.def)             Requested size: 409.52899pt x 134.00027pt.

Overfull \hbox (64.52899pt too wide) in paragraph at lines 4--5
 [][] 
 []

[34

 <C:/Users/Jake/Documents/GitHub/ProjectReport/design/figures/overall.png>]
<design/figures/ag-cd.png, id=185, 453.19313pt x 478.78876pt>
File: design/figures/ag-cd.png Graphic file (type png)

<use design/figures/ag-cd.png>
Package pdftex.def Info: design/figures/ag-cd.png used on input line 14.
(pdftex.def)             Requested size: 453.19202pt x 478.78758pt.

Overfull \hbox (108.19202pt too wide) in paragraph at lines 14--15
 [][] 
 []

[35

 <C:/Users/Jake/Documents/GitHub/ProjectReport/design/figures/ag-cd.png>]
<design/figures/ag-lp-cd.png, id=189, 138.5175pt x 186.6975pt>
File: design/figures/ag-lp-cd.png Graphic file (type png)

<use design/figures/ag-lp-cd.png>
Package pdftex.def Info: design/figures/ag-lp-cd.png used on input line 22.
(pdftex.def)             Requested size: 138.51715pt x 186.69704pt.
 [36 <C:/Users/Jake/Documents/GitHub/ProjectReport/design/figures/ag-lp-cd.png>
])
(C:\Users\Jake\Documents\GitHub\ProjectReport\implementation/impl.tex [37

]
<implementation/figures/gdx-setup-1.png, id=197, 453.19313pt x 317.68687pt>
File: implementation/figures/gdx-setup-1.png Graphic file (type png)

<use implementation/figures/gdx-setup-1.png>
Package pdftex.def Info: implementation/figures/gdx-setup-1.png used on input l
ine 42.
(pdftex.def)             Requested size: 453.19202pt x 317.68608pt.

Overfull \hbox (108.19202pt too wide) in paragraph at lines 42--43
 [][] 
 []


LaTeX Warning: `!h' float specifier changed to `!ht'.

<implementation/figures/gdx-setup-2.png, id=198, 453.19313pt x 317.68687pt>
File: implementation/figures/gdx-setup-2.png Graphic file (type png)

<use implementation/figures/gdx-setup-2.png>
Package pdftex.def Info: implementation/figures/gdx-setup-2.png used on input l
ine 49.
(pdftex.def)             Requested size: 453.19202pt x 317.68608pt.

Overfull \hbox (108.19202pt too wide) in paragraph at lines 49--50
 [][] 
 []


LaTeX Warning: `!h' float specifier changed to `!ht'.

<implementation/figures/gdx-setup-3.png, id=199, 134.00063pt x 97.86563pt>
File: implementation/figures/gdx-setup-3.png Graphic file (type png)

<use implementation/figures/gdx-setup-3.png>
Package pdftex.def Info: implementation/figures/gdx-setup-3.png used on input l
ine 56.
(pdftex.def)             Requested size: 134.00027pt x 97.86537pt.


LaTeX Warning: `!h' float specifier changed to `!ht'.

Missing character: There is no ‚ in font cmr10!
Missing character: There is no Ä in font cmr10!
Missing character: There is no ô in font cmr10!
[38] [39 <C:/Users/Jake/Documents/GitHub/ProjectReport/implementation/figures/g
dx-setup-1.png>]
Missing character: There is no ‚ in font cmr10!
Missing character: There is no Ä in font cmr10!
Missing character: There is no ô in font cmr10!
 [40 <C:/Users/Jake/Documents/GitHub/ProjectReport/implementation/figures/gdx-s
etup-2.png> <C:/Users/Jake/Documents/GitHub/ProjectReport/implementation/figure
s/gdx-setup-3.png>]
Missing character: There is no ‚ in font cmr10!
Missing character: There is no Ä in font cmr10!
Missing character: There is no ô in font cmr10!
Missing character: There is no ‚ in font cmr10!
Missing character: There is no Ä in font cmr10!
Missing character: There is no ô in font cmr10!

Overfull \hbox (11.99689pt too wide) in paragraph at lines 112--112
[] \OT1/cmtt/m/n/10 Location location = locationManager.getLastKnownLocation(pr
ovider);[] 
 []

Missing character: There is no ‚ in font cmr10!
Missing character: There is no Ä in font cmr10!
Missing character: There is no ô in font cmr10!
Missing character: There is no ‚ in font cmr10!
Missing character: There is no Ä in font cmr10!
Missing character: There is no ô in font cmr10!
[41]) (C:\Users\Jake\Documents\GitHub\ProjectReport\conclusion/conclusion.tex
[42

]
Missing character: There is no ‚ in font cmtt10!
Missing character: There is no Ä in font cmtt10!
Missing character: There is no ù in font cmtt10!

Overfull \hbox (80.24629pt too wide) in paragraph at lines 28--28
[]\OT1/cmtt/m/n/10 "We have built an insecure internet for everyone. We have en
abled the Panopticon.[] 
 []

[43] [44]) (C:\Users\Jake\Documents\GitHub\ProjectReport\appendix/appendix.tex
(C:\Users\Jake\Documents\GitHub\ProjectReport\appendix/spoofap.tex
Missing character: There is no ‚ in font cmr10!
Missing character: There is no Ä in font cmr10!
Missing character: There is no ô in font cmr10!

("C:\Program Files (x86)\MiKTeX 2.9\tex\latex\listings\lstlang1.sty"
File: lstlang1.sty 2013/08/26 1.5b listings language file
)
("C:\Program Files (x86)\MiKTeX 2.9\tex\latex\listings\lstlang1.sty"
File: lstlang1.sty 2013/08/26 1.5b listings language file
)
LaTeX Font Info:    Try loading font information for OML+cmr on input line 29.

("C:\Program Files (x86)\MiKTeX 2.9\tex\latex\base\omlcmr.fd"
File: omlcmr.fd 1999/05/25 v2.5h Standard LaTeX font definitions
)
LaTeX Font Info:    Font shape `OML/cmr/m/n' in size <10> not available
(Font)              Font shape `OML/cmm/m/it' tried instead on input line 29.

Overfull \hbox (263.99469pt too wide) in paragraph at lines 44--44
[]\OT1/cmtt/m/n/10 https://launchpad.net/~fkrull/+archive/deadsnakes/+build/451
9648/+files/python2.4-minimal_2.4.6-5\%2Blucid1_i386.deb[] 
 []


Overfull \hbox (221.99506pt too wide) in paragraph at lines 44--44
[]\OT1/cmtt/m/n/10 https://launchpad.net/~fkrull/+archive/deadsnakes/+build/451
9648/+files/python2.4_2.4.6-5\%2Blucid1_i386.deb[] 
 []


Overfull \hbox (237.74492pt too wide) in paragraph at lines 44--44
[]\OT1/cmtt/m/n/10 https://launchpad.net/~fkrull/+archive/deadsnakes/+build/451
9648/+files/libpython2.4_2.4.6-5\%2Blucid1_i386.deb[] 
 []


Overfull \hbox (242.99487pt too wide) in paragraph at lines 44--44
[]\OT1/cmtt/m/n/10 https://launchpad.net/~fkrull/+archive/deadsnakes/+build/451
9648/+files/python2.4-dev_2.4.6-5\%2Blucid1_i386.deb[] 
 []

[45

]) [46])
Overfull \hbox (20.52776pt too wide) in paragraph at lines 64--64
[]\OT1/cmr/m/n/10 Guardian, ``Ed-ward snow-den,'' [On-line]. Avail-able: $\OT1/
cmtt/m/n/10 http : / / www . theguardian .$
 []


Overfull \hbox (13.04527pt too wide) in paragraph at lines 64--64
[]\OT1/cmr/m/it/10 Vupen con-tracts with nsa\OT1/cmr/m/n/10 , 2013. [On-line]. 
Avail-able: $\OT1/cmtt/m/n/10 https : / / www . muckrock .$
 []


Overfull \hbox (4.41148pt too wide) in paragraph at lines 64--64
[]\OT1/cmr/m/n/10 ||, ``Wist-ful-toll: nsa ex-ploit of the day,'' 2014. [On-lin
e]. Avail-able: $\OT1/cmtt/m/n/10 https :$
 []


Overfull \hbox (2.4076pt too wide) in paragraph at lines 64--64
[]\OT1/cmr/m/n/10 S. Chan-dra, ``802.11 lec-ture,'' 2011. [On-line]. Avail-able
: $\OT1/cmtt/m/n/10 http : / / surendar .$
 []


Overfull \hbox (4.15596pt too wide) in paragraph at lines 64--64
[]\OT1/cmr/m/n/10 Netgear, ``Wep shared key au-then-ti-ca-tion,'' 2001. [On-lin
e]. Avail-able: $\OT1/cmtt/m/n/10 http :$
 []


Overfull \hbox (80.05212pt too wide) in paragraph at lines 64--64
$\OT1/cmtt/m/n/10 / / documentation . netgear . com / reference / sve / wireles
s / WirelessNetworkingBasics -[]$
 []

[47

]
Overfull \hbox (18.06137pt too wide) in paragraph at lines 64--64
\OT1/cmr/m/n/10 [On-line]. Avail-able: $\OT1/cmtt/m/n/10 https : / / panopticli
ck . eff . org / browser -[] uniqueness .$
 []


Overfull \hbox (8.48854pt too wide) in paragraph at lines 64--64
[]\OT1/cmr/m/n/10 Wikipedia, ``Room 641a,'' 2014. [On-line]. Avail-able: $\OT1/
cmtt/m/n/10 http : / / en . wikipedia .$
 []


Overfull \hbox (4.68326pt too wide) in paragraph at lines 64--64
[]\OT1/cmr/m/n/10 ||, ``Cyclic re-dun-dancy check,'' 2014. [On-line]. Avail-abl
e: $\OT1/cmtt/m/n/10 en . wikipedia .$
 []


AED: lastpage setting LastPage
[48] (C:\Users\Jake\Documents\GitHub\ProjectReport\main.aux)
Package logreq Info: Writing requests to 'main.run.xml'.
 ) 
Here is how much of TeX's memory you used:
 19586 strings out of 493921
 389799 string characters out of 3144879
 623331 words of memory out of 3000000
 22440 multiletter control sequences out of 15000+200000
 9016 words of font info for 32 fonts, out of 3000000 for 9000
 841 hyphenation exceptions out of 8191
 62i,12n,80p,1296b,1133s stack positions out of 5000i,500n,10000p,200000b,50000s
<C:/Program Files (x86)/MiKTeX 2.9/fonts/type1/public/amsfonts/cm/cmbx10.pfb>
<C:/Program Files (x86)/MiKTeX 2.9/fonts/type1/public/amsfonts/cm/cmbx12.pfb><C
:/Program Files (x86)/MiKTeX 2.9/fonts/type1/public/amsfonts/cm/cmbx9.pfb><C:/P
rogram Files (x86)/MiKTeX 2.9/fonts/type1/public/amsfonts/cm/cmmi10.pfb><C:/Pro
gram Files (x86)/MiKTeX 2.9/fonts/type1/public/amsfonts/cm/cmr10.pfb><C:/Progra
m Files (x86)/MiKTeX 2.9/fonts/type1/public/amsfonts/cm/cmr12.pfb><C:/Program F
iles (x86)/MiKTeX 2.9/fonts/type1/public/amsfonts/cm/cmr17.pfb><C:/Program File
s (x86)/MiKTeX 2.9/fonts/type1/public/amsfonts/cm/cmr9.pfb><C:/Program Files (x
86)/MiKTeX 2.9/fonts/type1/public/amsfonts/cm/cmsy10.pfb><C:/Program Files (x86
)/MiKTeX 2.9/fonts/type1/public/amsfonts/cm/cmti10.pfb><C:/Program Files (x86)/
MiKTeX 2.9/fonts/type1/public/amsfonts/cm/cmtt10.pfb>
Output written on main.pdf (53 pages, 1508790 bytes).
PDF statistics:
 274 PDF objects out of 1000 (max. 8388607)
 0 named destinations out of 1000 (max. 500000)
 259 words of extra memory for PDF output out of 10000 (max. 10000000)

